================================================================================
CONSULTANTOS FRONTEND BUILD TEST - SUMMARY REPORT
================================================================================

Date: November 10, 2025
Time: 19:02-19:03 EST
Duration: ~30 seconds
Status: FAILED

================================================================================
QUICK FACTS
================================================================================

Build Status:           FAILED (exit code 1)
Total Errors:           231
Total Warnings:         20
Critical Blockers:      2
Standalone Output:      NOT GENERATED
Docker Ready:           NO
Cloud Run Ready:        NO

================================================================================
BUILD TEST RESULTS
================================================================================

Test Directory:  /Users/rish2jain/Documents/Hackathons/ConsultantOS/frontend
Next.js Version: 14.2.33
Node.js:         Compatible
Build Command:   npm run build

Execution:
  âœ“ Project dependencies loaded
  âœ“ TypeScript compilation started
  âœ— ESLint validation FAILED (231 errors)
  âœ— TypeScript validation FAILED
  âœ— Build terminated - no output

Result: Build cannot complete

================================================================================
CRITICAL BLOCKERS (MUST FIX FIRST)
================================================================================

1. FormulaBuilder.tsx:130 - Parsing Error
   Issue:    Unescaped HTML comparison operators in JSX
   Impact:   Prevents entire build
   Fix Time: 5 minutes
   Severity: CRITICAL

2. Input.tsx:54 - React Hook Violation
   Issue:    React.useId() called conditionally
   Impact:   Will cause runtime errors
   Fix Time: 10 minutes
   Severity: CRITICAL

================================================================================
ERROR BREAKDOWN
================================================================================

102 errors  - Unexpected any type (type safety issues)
 25 errors  - Unescaped HTML entities (quote/apostrophe)
 86 errors  - Unused variables and imports
 15 errors  - Missing hook dependencies
  1 error   - React hook parsing violation
  1 error   - JSX parsing error
  5 other   - Miscellaneous

Total:     235 blocking issues

================================================================================
AFFECTED COMPONENTS
================================================================================

High Error Count Files:
  - app/components/TableFilters.tsx (12 errors)
  - app/components/InteractiveDashboard.tsx (9 errors)
  - app/dashboard/page.tsx (7 errors)
  - app/components/Tooltip.tsx (6 errors)
  - And 35+ more files with various issues

================================================================================
DEPLOYMENT STATUS
================================================================================

Infrastructure:         âœ“ Ready (Dockerfile, Cloud Run config)
Build Process:          âœ— FAILING (231 errors)
Code Quality:           âœ— POOR (many `any` types, unused code)
Docker Image:           âœ— Cannot build (build fails)
Cloud Run Deployment:   âœ— BLOCKED (no artifacts)

Cannot deploy without fixing build issues.

================================================================================
FIX TIMELINE
================================================================================

Phase 1 (Critical):     30 minutes  - Fix 2 blocking issues
Phase 2 (Type Safety):  90 minutes  - Add TypeScript types (102 issues)
Phase 3 (Cleanup):      60 minutes  - Remove unused code, fix entities
Phase 4 (Validation):   30 minutes  - Test build, verify artifacts
Phase 5 (Deployment):   15 minutes  - Docker + Cloud Run deployment

Total Estimated Time: 3-4 hours

================================================================================
RECOMMENDED ACTIONS
================================================================================

IMMEDIATE (Next 15 minutes):
  1. Fix FormulaBuilder.tsx:130 - Escape > and < characters
  2. Fix Input.tsx:54 - Move React.useId() outside conditional
  3. Re-run: npm run build (verify blockers removed)

SHORT-TERM (Next 2 hours):
  4. Add TypeScript types to replace 102 `any` instances
  5. Remove 86 unused imports and variables
  6. Escape 25 HTML entities in JSX
  7. Run full build test again

VALIDATION:
  8. Verify build completes with 0 errors
  9. Confirm .next/standalone directory exists
  10. Test: npm run dev (local testing)
  11. Test: docker build (Docker image creation)

DEPLOYMENT:
  12. Update .env.local with Cloud Run API URL
  13. Push Docker image to registry
  14. Deploy to Cloud Run: gcloud run deploy

================================================================================
DEPLOYMENT READINESS
================================================================================

Current Status:  ğŸ”´ NOT READY
Reason:          Build fails with 231 errors
Action Required: Fix code quality issues
Timeline:        3-4 hours to deployment ready

Prerequisites for Deployment:
  âœ“ Next.js configuration: Correct (output: "standalone")
  âœ— Build passes: NO (231 errors)
  âœ— Artifacts exist: NO (build failed)
  âœ“ Docker configured: YES
  âœ— Docker buildable: NO (needs successful npm build)
  âœ“ Cloud Run configured: YES
  âœ— Ready to deploy: NO (waiting for clean build)

================================================================================
DETAILED REPORTS
================================================================================

For complete technical analysis, see:

1. FRONTEND_BUILD_TEST_REPORT.md
   - Detailed error breakdown
   - Affected files list
   - Build metrics and artifacts analysis

2. FRONTEND_BUILD_ANALYSIS.md
   - Critical issue deep-dives
   - Code examples and fixes
   - Phase-by-phase fix approach
   - Impact analysis for each issue type

3. CLOUD_RUN_DEPLOYMENT_READINESS.md
   - Infrastructure requirements
   - Deployment blockers
   - Success criteria
   - Timeline and risk assessment

4. build.log
   - Raw build output (387 lines)
   - Complete error listing

================================================================================
KEY FINDINGS
================================================================================

Finding 1: Code Quality Issues Are Primary Blocker
  - 231 errors are in application code, not infrastructure
  - Configuration is correct for production
  - Errors are fixable but require developer effort

Finding 2: Type Safety Severely Compromised
  - 102 implicit `any` types create runtime risks
  - Need proper TypeScript interfaces
  - Enables IDE support and prevents bugs

Finding 3: Build Infrastructure Is Ready
  - Docker configuration is correct
  - Cloud Run setup is appropriate
  - Next.js standalone output configuration correct
  - Once code is fixed, deployment will be straightforward

Finding 4: Critical Runtime Risks
  - React hook violation in Input.tsx will cause crashes
  - Unescaped entities in FormulaBuilder will prevent build
  - Must fix both before any deployment attempt

================================================================================
NEXT STEPS
================================================================================

1. Review FRONTEND_BUILD_ANALYSIS.md for detailed issue explanations
2. Fix the 2 critical issues (FormulaBuilder.tsx and Input.tsx)
3. Run npm run build to verify blockers removed
4. Proceed with type safety fixes (102 `any` instances)
5. Clean up remaining issues (unused code, HTML entities)
6. Conduct full build test and artifact verification
7. Test Docker image build
8. Deploy to Cloud Run

================================================================================
CONCLUSION
================================================================================

The frontend build is NOT READY for Cloud Run deployment. With 231 errors,
primarily in code quality rather than infrastructure, the application code
needs to be fixed before deployment can proceed.

The good news: Infrastructure is properly configured. The infrastructure
team did their job correctly. The application code now needs quality fixes
from the development team.

Estimated time to deployment-ready: 3-4 hours of focused development work.

================================================================================
Report Generated: November 10, 2025
Status: Build Testing Complete
Awaiting: Code fixes and re-testing
================================================================================
